
Gurobi 6.0.5 (mac64) logging started Tue Dec 29 21:58:38 2015


Gurobi 6.0.5 (mac64) logging started Tue Dec 29 21:59:53 2015

Optimize a model with 32 rows, 7 columns and 147 nonzeros
Coefficient statistics:
  Matrix range    [1e+00, 2e+04]
  Objective range [1e+00, 1e+00]
  Bounds range    [0e+00, 0e+00]
  RHS range       [1e+00, 1e+00]
Presolve removed 12 rows and 0 columns
Presolve time: 0.00s

Solved in 0 iterations and 0.00 seconds
Infeasible or unbounded model

Gurobi 6.0.5 (mac64) logging started Tue Dec 29 22:01:13 2015

Optimize a model with 32 rows, 7 columns and 147 nonzeros
Coefficient statistics:
  Matrix range    [1e+00, 2e+04]
  Objective range [1e+00, 1e+00]
  Bounds range    [0e+00, 0e+00]
  RHS range       [1e+00, 1e+00]
Presolve removed 12 rows and 0 columns
Presolve time: 0.00s

Solved in 0 iterations and 0.00 seconds
Infeasible or unbounded model

Gurobi 6.0.5 (mac64) logging started Tue Dec 29 22:03:16 2015

Optimize a model with 32 rows, 7 columns and 147 nonzeros
Coefficient statistics:
  Matrix range    [1e+00, 2e+04]
  Objective range [1e+00, 1e+00]
  Bounds range    [0e+00, 0e+00]
  RHS range       [1e+00, 1e+00]
Presolve removed 12 rows and 0 columns
Presolve time: 0.00s

Solved in 0 iterations and 0.00 seconds
Infeasible or unbounded model

Gurobi 6.0.5 (mac64) logging started Tue Dec 29 22:04:54 2015


Gurobi 6.0.5 (mac64) logging started Tue Dec 29 22:05:08 2015


Gurobi 6.0.5 (mac64) logging started Tue Dec 29 22:05:50 2015


Gurobi 6.0.5 (mac64) logging started Tue Dec 29 22:05:56 2015

Optimize a model with 0 rows, 7 columns and 0 nonzeros
Coefficient statistics:
  Matrix range    [0e+00, 0e+00]
  Objective range [1e+00, 1e+00]
  Bounds range    [0e+00, 0e+00]
  RHS range       [0e+00, 0e+00]
Presolve time: 0.00s

Solved in 0 iterations and 0.00 seconds
Unbounded model

Gurobi 6.0.5 (mac64) logging started Tue Dec 29 22:06:01 2015

Optimize a model with 0 rows, 7 columns and 0 nonzeros
Coefficient statistics:
  Matrix range    [0e+00, 0e+00]
  Objective range [1e+00, 1e+00]
  Bounds range    [0e+00, 0e+00]
  RHS range       [0e+00, 0e+00]
Presolve time: 0.00s

Solved in 0 iterations and 0.00 seconds
Unbounded model

Gurobi 6.0.5 (mac64) logging started Tue Dec 29 22:06:20 2015

Optimize a model with 32 rows, 7 columns and 147 nonzeros
Coefficient statistics:
  Matrix range    [1e+00, 2e+04]
  Objective range [1e+00, 1e+00]
  Bounds range    [0e+00, 0e+00]
  RHS range       [1e+00, 1e+00]
Presolve removed 12 rows and 0 columns
Presolve time: 0.00s

Solved in 0 iterations and 0.00 seconds
Infeasible or unbounded model

Gurobi 6.0.5 (mac64) logging started Tue Dec 29 22:07:14 2015

Optimize a model with 32 rows, 7 columns and 147 nonzeros
Coefficient statistics:
  Matrix range    [1e+00, 2e+04]
  Objective range [1e+00, 1e+00]
  Bounds range    [0e+00, 0e+00]
  RHS range       [1e+00, 1e+00]
Presolve removed 12 rows and 0 columns
Presolve time: 0.00s

Solved in 0 iterations and 0.00 seconds
Infeasible or unbounded model

Gurobi 6.0.5 (mac64) logging started Tue Dec 29 22:07:34 2015

Optimize a model with 32 rows, 7 columns and 149 nonzeros
Coefficient statistics:
  Matrix range    [1e+00, 2e+04]
  Objective range [1e+00, 1e+00]
  Bounds range    [0e+00, 0e+00]
  RHS range       [1e+00, 1e+00]
Presolve removed 12 rows and 0 columns
Presolve time: 0.00s
Presolved: 20 rows, 7 columns, 137 nonzeros

Iteration    Objective       Primal Inf.    Dual Inf.      Time
       0    1.0020000e+00   4.037946e-02   0.000000e+00      0s
       4    3.2564146e-01   0.000000e+00   0.000000e+00      0s

Solved in 4 iterations and 0.01 seconds
Optimal objective  3.256414575e-01

Gurobi 6.0.5 (mac64) logging started Tue Dec 29 22:09:06 2015

Optimize a model with 32 rows, 7 columns and 149 nonzeros
Coefficient statistics:
  Matrix range    [1e+00, 2e+04]
  Objective range [1e+00, 1e+00]
  Bounds range    [0e+00, 0e+00]
  RHS range       [1e+00, 1e+00]
Presolve removed 12 rows and 0 columns
Presolve time: 0.00s
Presolved: 20 rows, 7 columns, 137 nonzeros

Iteration    Objective       Primal Inf.    Dual Inf.      Time
       0    1.0020000e+00   4.037946e-02   0.000000e+00      0s
       4    3.2564146e-01   0.000000e+00   0.000000e+00      0s

Solved in 4 iterations and 0.00 seconds
Optimal objective  3.256414575e-01

Gurobi 6.0.5 (mac64) logging started Tue Dec 29 22:09:12 2015

Optimize a model with 32 rows, 7 columns and 149 nonzeros
Coefficient statistics:
  Matrix range    [1e+00, 2e+04]
  Objective range [1e+00, 1e+00]
  Bounds range    [0e+00, 0e+00]
  RHS range       [1e+00, 1e+00]
Presolve removed 12 rows and 0 columns
Presolve time: 0.00s
Presolved: 20 rows, 7 columns, 137 nonzeros

Iteration    Objective       Primal Inf.    Dual Inf.      Time
       0    1.0020000e+00   4.037946e-02   0.000000e+00      0s
       4    3.2564146e-01   0.000000e+00   0.000000e+00      0s

Solved in 4 iterations and 0.00 seconds
Optimal objective  3.256414575e-01

Gurobi 6.0.5 (mac64) logging started Tue Dec 29 22:09:29 2015

Optimize a model with 32 rows, 7 columns and 147 nonzeros
Coefficient statistics:
  Matrix range    [1e+00, 2e+04]
  Objective range [1e+00, 1e+00]
  Bounds range    [0e+00, 0e+00]
  RHS range       [1e+00, 1e+00]
Presolve removed 12 rows and 0 columns
Presolve time: 0.00s

Solved in 0 iterations and 0.00 seconds
Infeasible or unbounded model

Gurobi 6.0.5 (mac64) logging started Tue Dec 29 22:09:37 2015

Optimize a model with 32 rows, 7 columns and 149 nonzeros
Coefficient statistics:
  Matrix range    [1e+00, 2e+04]
  Objective range [1e+00, 1e+00]
  Bounds range    [0e+00, 0e+00]
  RHS range       [1e+00, 1e+00]
Presolve removed 12 rows and 0 columns
Presolve time: 0.00s
Presolved: 20 rows, 7 columns, 137 nonzeros

Iteration    Objective       Primal Inf.    Dual Inf.      Time
       0    1.0020000e+00   4.037946e-02   0.000000e+00      0s
       4    3.2564146e-01   0.000000e+00   0.000000e+00      0s

Solved in 4 iterations and 0.00 seconds
Optimal objective  3.256414575e-01

Gurobi 6.0.5 (mac64) logging started Tue Dec 29 22:10:23 2015


Gurobi 6.0.5 (mac64) logging started Tue Dec 29 22:11:16 2015

Warning: model has pending changes.
File 'pl.lp' does not contain these changes.
Optimize a model with 32 rows, 7 columns and 149 nonzeros
Coefficient statistics:
  Matrix range    [1e+00, 2e+04]
  Objective range [1e+00, 1e+00]
  Bounds range    [0e+00, 0e+00]
  RHS range       [1e+00, 1e+00]
Presolve removed 12 rows and 0 columns
Presolve time: 0.00s
Presolved: 20 rows, 7 columns, 137 nonzeros

Iteration    Objective       Primal Inf.    Dual Inf.      Time
       0    1.0020000e+00   4.037946e-02   0.000000e+00      0s
       4    3.2564146e-01   0.000000e+00   0.000000e+00      0s

Solved in 4 iterations and 0.00 seconds
Optimal objective  3.256414575e-01

Gurobi 6.0.5 (mac64) logging started Tue Dec 29 22:13:34 2015


Gurobi 6.0.5 (mac64) logging started Tue Dec 29 22:13:44 2015

Warning: model has pending changes.
File 'pl.lp' does not contain these changes.
Optimize a model with 20 rows, 7 columns and 137 nonzeros
Coefficient statistics:
  Matrix range    [1e+00, 2e+04]
  Objective range [0e+00, 0e+00]
  Bounds range    [1e+00, 1e+00]
  RHS range       [1e+00, 1e+00]
Presolve removed 0 rows and 1 columns
Presolve time: 0.00s
Presolved: 20 rows, 6 columns, 118 nonzeros

Iteration    Objective       Primal Inf.    Dual Inf.      Time
       0    0.0000000e+00   3.917868e-02   0.000000e+00      0s
       4    0.0000000e+00   0.000000e+00   0.000000e+00      0s

Solved in 4 iterations and 0.01 seconds
Optimal objective  0.000000000e+00

Gurobi 6.0.5 (mac64) logging started Tue Dec 29 22:14:17 2015

Warning: constraint name "r < f(y_0) - f(x)" has a space
Optimize a model with 20 rows, 7 columns and 137 nonzeros
Coefficient statistics:
  Matrix range    [1e+00, 2e+04]
  Objective range [0e+00, 0e+00]
  Bounds range    [1e+00, 1e+00]
  RHS range       [1e+00, 1e+00]
Presolve removed 0 rows and 1 columns
Presolve time: 0.00s
Presolved: 20 rows, 6 columns, 118 nonzeros

Iteration    Objective       Primal Inf.    Dual Inf.      Time
       0    0.0000000e+00   3.917868e-02   0.000000e+00      0s
       4    0.0000000e+00   0.000000e+00   0.000000e+00      0s

Solved in 4 iterations and 0.00 seconds
Optimal objective  0.000000000e+00

Gurobi 6.0.5 (mac64) logging started Tue Dec 29 22:15:16 2015

Warning: constraint name "r < f(y_0) - f(x)" has a space
Warning: model has pending changes.
File 'pl.lp' does not contain these changes.
Optimize a model with 20 rows, 7 columns and 137 nonzeros
Coefficient statistics:
  Matrix range    [1e+00, 2e+04]
  Objective range [1e+00, 1e+00]
  Bounds range    [1e+00, 1e+00]
  RHS range       [1e+00, 1e+00]
Presolve time: 0.00s
Presolved: 20 rows, 7 columns, 137 nonzeros

Iteration    Objective       Primal Inf.    Dual Inf.      Time
       0    4.0960000e+33   6.000000e+30   4.096000e+03      0s
       4    3.2564146e-01   0.000000e+00   0.000000e+00      0s

Solved in 4 iterations and 0.00 seconds
Optimal objective  3.256414575e-01

Gurobi 6.0.5 (mac64) logging started Tue Dec 29 22:15:26 2015

Warning: constraint name "r < f(y_0) - f(x)" has a space
Warning: model has pending changes.
File 'pl.lp' does not contain these changes.
Optimize a model with 20 rows, 7 columns and 137 nonzeros
Coefficient statistics:
  Matrix range    [1e+00, 2e+04]
  Objective range [1e+00, 1e+00]
  Bounds range    [1e+00, 1e+00]
  RHS range       [1e+00, 1e+00]
Presolve time: 0.00s
Presolved: 20 rows, 7 columns, 137 nonzeros

Iteration    Objective       Primal Inf.    Dual Inf.      Time
       0    4.0960000e+33   6.000000e+30   4.096000e+03      0s
       4    3.2564146e-01   0.000000e+00   0.000000e+00      0s

Solved in 4 iterations and 0.00 seconds
Optimal objective  3.256414575e-01

Gurobi 6.0.5 (mac64) logging started Tue Dec 29 22:15:56 2015

Warning: constraint name "r < f(y_0) - f(x)" has a space
Optimize a model with 20 rows, 7 columns and 137 nonzeros
Coefficient statistics:
  Matrix range    [1e+00, 2e+04]
  Objective range [1e+00, 1e+00]
  Bounds range    [1e+00, 1e+00]
  RHS range       [1e+00, 1e+00]
Presolve time: 0.00s
Presolved: 20 rows, 7 columns, 137 nonzeros

Iteration    Objective       Primal Inf.    Dual Inf.      Time
       0    4.0960000e+33   6.000000e+30   4.096000e+03      0s
       4    3.2564146e-01   0.000000e+00   0.000000e+00      0s

Solved in 4 iterations and 0.00 seconds
Optimal objective  3.256414575e-01

Gurobi 6.0.5 (mac64) logging started Tue Dec 29 22:16:25 2015

Warning: constraint name "r < f(y_0) - f(x)" has a space
Optimize a model with 20 rows, 7 columns and 137 nonzeros
Coefficient statistics:
  Matrix range    [1e+00, 2e+04]
  Objective range [1e+00, 1e+00]
  Bounds range    [1e+00, 1e+00]
  RHS range       [1e+00, 1e+00]
Presolve time: 0.00s
Presolved: 20 rows, 7 columns, 137 nonzeros

Iteration    Objective       Primal Inf.    Dual Inf.      Time
       0    4.0960000e+33   6.000000e+30   4.096000e+03      0s
       4    3.2564146e-01   0.000000e+00   0.000000e+00      0s

Solved in 4 iterations and 0.00 seconds
Optimal objective  3.256414575e-01

Gurobi 6.0.5 (mac64) logging started Tue Dec 29 22:16:49 2015

Warning: constraint name "r < f(y_0) - f(x)" has a space
Optimize a model with 20 rows, 7 columns and 137 nonzeros
Coefficient statistics:
  Matrix range    [1e+00, 2e+04]
  Objective range [1e+00, 1e+00]
  Bounds range    [1e+00, 1e+00]
  RHS range       [1e+00, 1e+00]
Presolve time: 0.00s
Presolved: 20 rows, 7 columns, 137 nonzeros

Iteration    Objective       Primal Inf.    Dual Inf.      Time
       0    4.0960000e+33   6.000000e+30   4.096000e+03      0s
       4    3.2564146e-01   0.000000e+00   0.000000e+00      0s

Solved in 4 iterations and 0.00 seconds
Optimal objective  3.256414575e-01

Gurobi 6.0.5 (mac64) logging started Tue Dec 29 22:19:33 2015

Warning: constraint name "r < f(y_0) - f(x)" has a space
Optimize a model with 20 rows, 7 columns and 137 nonzeros
Coefficient statistics:
  Matrix range    [1e+00, 2e+04]
  Objective range [1e+00, 1e+00]
  Bounds range    [1e+00, 1e+00]
  RHS range       [1e+00, 1e+00]
Presolve time: 0.00s
Presolved: 20 rows, 7 columns, 137 nonzeros

Iteration    Objective       Primal Inf.    Dual Inf.      Time
       0    4.0960000e+33   6.000000e+30   4.096000e+03      0s
       4    3.2564146e-01   0.000000e+00   0.000000e+00      0s

Solved in 4 iterations and 0.00 seconds
Optimal objective  3.256414575e-01

Gurobi 6.0.5 (mac64) logging started Tue Dec 29 22:21:50 2015

Warning: constraint name "r < f(y_0) - f(x)" has a space
Optimize a model with 20 rows, 7 columns and 137 nonzeros
Coefficient statistics:
  Matrix range    [1e+00, 2e+04]
  Objective range [1e+00, 1e+00]
  Bounds range    [1e+00, 1e+00]
  RHS range       [1e+00, 1e+00]
Presolve time: 0.00s
Presolved: 20 rows, 7 columns, 137 nonzeros

Iteration    Objective       Primal Inf.    Dual Inf.      Time
       0    4.0960000e+33   6.000000e+30   4.096000e+03      0s
       4    3.2564146e-01   0.000000e+00   0.000000e+00      0s

Solved in 4 iterations and 0.01 seconds
Optimal objective  3.256414575e-01

Gurobi 6.0.5 (mac64) logging started Tue Dec 29 22:29:56 2015


Gurobi 6.0.5 (mac64) logging started Tue Dec 29 22:30:59 2015

Warning: constraint name "r < f(y_0) - f(x)" has a space
Optimize a model with 20 rows, 7 columns and 137 nonzeros
Coefficient statistics:
  Matrix range    [1e+00, 2e+04]
  Objective range [1e+00, 1e+00]
  Bounds range    [1e+00, 1e+00]
  RHS range       [1e+00, 1e+00]
Presolve time: 0.00s
Presolved: 20 rows, 7 columns, 137 nonzeros

Iteration    Objective       Primal Inf.    Dual Inf.      Time
       0    4.0960000e+33   6.000000e+30   4.096000e+03      0s
       3    1.7194881e+02   0.000000e+00   0.000000e+00      0s

Solved in 3 iterations and 0.01 seconds
Optimal objective  1.719488121e+02

Gurobi 6.0.5 (mac64) logging started Tue Dec 29 22:31:53 2015

Warning: constraint name "r < f(y_0) - f(x)" has a space
Optimize a model with 20 rows, 7 columns and 138 nonzeros
Coefficient statistics:
  Matrix range    [1e+00, 2e+04]
  Objective range [1e+00, 1e+00]
  Bounds range    [1e+00, 1e+00]
  RHS range       [1e+00, 1e+00]
Presolve time: 0.00s
Presolved: 20 rows, 7 columns, 138 nonzeros

Iteration    Objective       Primal Inf.    Dual Inf.      Time
       0    4.0960000e+33   7.500000e+30   4.096000e+03      0s
       5    2.3531250e+01   0.000000e+00   0.000000e+00      0s

Solved in 5 iterations and 0.00 seconds
Optimal objective  2.353125000e+01

Gurobi 6.0.5 (mac64) logging started Tue Dec 29 22:32:35 2015

Warning: constraint name "r < f(y_0) - f(x)" has a space
Optimize a model with 20 rows, 7 columns and 137 nonzeros
Coefficient statistics:
  Matrix range    [1e+00, 2e+04]
  Objective range [1e+00, 1e+00]
  Bounds range    [1e+00, 1e+00]
  RHS range       [1e+00, 1e+00]
Presolve time: 0.00s
Presolved: 20 rows, 7 columns, 137 nonzeros

Iteration    Objective       Primal Inf.    Dual Inf.      Time
       0    2.5600000e+32   1.757813e+30   2.560000e+02      0s
       8    6.1290323e-01   0.000000e+00   0.000000e+00      0s

Solved in 8 iterations and 0.00 seconds
Optimal objective  6.129032258e-01

Gurobi 6.0.5 (mac64) logging started Tue Dec 29 22:32:45 2015

Warning: constraint name "r < f(y_0) - f(x)" has a space
Optimize a model with 20 rows, 7 columns and 137 nonzeros
Coefficient statistics:
  Matrix range    [1e+00, 2e+04]
  Objective range [1e+00, 1e+00]
  Bounds range    [1e+00, 1e+00]
  RHS range       [1e+00, 1e+00]
Presolve time: 0.00s
Presolved: 20 rows, 7 columns, 137 nonzeros

Iteration    Objective       Primal Inf.    Dual Inf.      Time
       0    2.5600000e+32   1.757813e+30   2.560000e+02      0s
       3    1.4638844e+01   0.000000e+00   0.000000e+00      0s

Solved in 3 iterations and 0.00 seconds
Optimal objective  1.463884430e+01

Gurobi 6.0.5 (mac64) logging started Tue Dec 29 22:33:02 2015

Warning: constraint name "r < f(y_0) - f(x)" has a space
Optimize a model with 20 rows, 7 columns and 138 nonzeros
Coefficient statistics:
  Matrix range    [1e+00, 2e+04]
  Objective range [1e+00, 1e+00]
  Bounds range    [1e+00, 1e+00]
  RHS range       [1e+00, 1e+00]
Presolve time: 0.00s
Presolved: 20 rows, 7 columns, 138 nonzeros

Iteration    Objective       Primal Inf.    Dual Inf.      Time
       0    4.0960000e+33   7.500000e+30   4.096000e+03      0s
       4    2.4850000e+03   0.000000e+00   0.000000e+00      0s

Solved in 4 iterations and 0.00 seconds
Optimal objective  2.485000000e+03

Gurobi 6.0.5 (mac64) logging started Tue Dec 29 22:36:31 2015

Warning: constraint name "r < f(y_0) - f(x)" has a space
Optimize a model with 20 rows, 7 columns and 138 nonzeros
Coefficient statistics:
  Matrix range    [1e+00, 2e+04]
  Objective range [1e+00, 1e+00]
  Bounds range    [1e+00, 1e+00]
  RHS range       [1e+00, 1e+00]
Presolve time: 0.00s
Presolved: 20 rows, 7 columns, 138 nonzeros

Iteration    Objective       Primal Inf.    Dual Inf.      Time
       0    4.0960000e+33   7.500000e+30   4.096000e+03      0s
       4    2.4850000e+03   0.000000e+00   0.000000e+00      0s

Solved in 4 iterations and 0.01 seconds
Optimal objective  2.485000000e+03

Gurobi 6.0.5 (mac64) logging started Tue Dec 29 22:36:54 2015

Warning: constraint name "r < f(y_0) - f(x)" has a space
Optimize a model with 20 rows, 7 columns and 138 nonzeros
Coefficient statistics:
  Matrix range    [1e+00, 2e+04]
  Objective range [1e+00, 1e+00]
  Bounds range    [1e+00, 1e+00]
  RHS range       [1e+00, 1e+00]
Presolve time: 0.00s
Presolved: 20 rows, 7 columns, 138 nonzeros

Iteration    Objective       Primal Inf.    Dual Inf.      Time
       0    4.0960000e+33   7.500000e+30   4.096000e+03      0s
       4    2.4850000e+03   0.000000e+00   0.000000e+00      0s

Solved in 4 iterations and 0.00 seconds
Optimal objective  2.485000000e+03

Gurobi 6.0.5 (mac64) logging started Tue Dec 29 22:37:09 2015

Warning: constraint name "r < f(y_0) - f(x)" has a space
Optimize a model with 20 rows, 7 columns and 138 nonzeros
Coefficient statistics:
  Matrix range    [1e+00, 2e+04]
  Objective range [1e+00, 1e+00]
  Bounds range    [1e+00, 1e+00]
  RHS range       [1e+00, 1e+00]
Presolve time: 0.00s
Presolved: 20 rows, 7 columns, 138 nonzeros

Iteration    Objective       Primal Inf.    Dual Inf.      Time
       0    4.0960000e+33   7.500000e+30   4.096000e+03      0s
       4    2.4850000e+03   0.000000e+00   0.000000e+00      0s

Solved in 4 iterations and 0.00 seconds
Optimal objective  2.485000000e+03

Gurobi 6.0.5 (mac64) logging started Tue Dec 29 22:37:20 2015

Warning: constraint name "r < f(y_0) - f(x)" has a space
Optimize a model with 20 rows, 7 columns and 138 nonzeros
Coefficient statistics:
  Matrix range    [1e+00, 2e+04]
  Objective range [1e+00, 1e+00]
  Bounds range    [1e+00, 1e+00]
  RHS range       [1e+00, 1e+00]
Presolve time: 0.00s
Presolved: 20 rows, 7 columns, 138 nonzeros

Iteration    Objective       Primal Inf.    Dual Inf.      Time
       0    4.0960000e+33   7.500000e+30   4.096000e+03      0s
       4    2.4850000e+03   0.000000e+00   0.000000e+00      0s

Solved in 4 iterations and 0.00 seconds
Optimal objective  2.485000000e+03

Gurobi 6.0.5 (mac64) logging started Tue Dec 29 22:39:51 2015

Warning: constraint name "r < f(y_1) - f(x)" has a space
Optimize a model with 20 rows, 7 columns and 135 nonzeros
Coefficient statistics:
  Matrix range    [1e+00, 2e+04]
  Objective range [1e+00, 1e+00]
  Bounds range    [1e+00, 1e+00]
  RHS range       [1e+00, 1e+00]
Presolve time: 0.00s

Solved in 0 iterations and 0.00 seconds
Infeasible or unbounded model

Gurobi 6.0.5 (mac64) logging started Tue Dec 29 22:40:16 2015

Warning: constraint name "r < f(y_0) - f(x)" has a space
Optimize a model with 20 rows, 7 columns and 137 nonzeros
Coefficient statistics:
  Matrix range    [1e+00, 2e+04]
  Objective range [1e+00, 1e+00]
  Bounds range    [1e+00, 1e+00]
  RHS range       [1e+00, 1e+00]
Presolve time: 0.00s
Presolved: 20 rows, 7 columns, 137 nonzeros

Iteration    Objective       Primal Inf.    Dual Inf.      Time
       0    4.0960000e+33   6.000000e+30   4.096000e+03      0s
       4    3.2564146e-01   0.000000e+00   0.000000e+00      0s

Solved in 4 iterations and 0.00 seconds
Optimal objective  3.256414575e-01

Gurobi 6.0.5 (mac64) logging started Tue Dec 29 22:41:48 2015

Warning: constraint name "r < f(y0) - f(x)" has a space
Optimize a model with 20 rows, 7 columns and 137 nonzeros
Coefficient statistics:
  Matrix range    [1e+00, 2e+04]
  Objective range [1e+00, 1e+00]
  Bounds range    [1e+00, 1e+00]
  RHS range       [1e+00, 1e+00]
Presolve time: 0.00s
Presolved: 20 rows, 7 columns, 137 nonzeros

Iteration    Objective       Primal Inf.    Dual Inf.      Time
       0    4.0960000e+33   6.000000e+30   4.096000e+03      0s
       4    3.2564146e-01   0.000000e+00   0.000000e+00      0s

Solved in 4 iterations and 0.00 seconds
Optimal objective  3.256414575e-01

Gurobi 6.0.5 (mac64) logging started Tue Dec 29 22:46:44 2015


Gurobi 6.0.5 (mac64) logging started Tue Dec 29 22:47:03 2015


Gurobi 6.0.5 (mac64) logging started Tue Dec 29 22:47:26 2015


Gurobi 6.0.5 (mac64) logging started Tue Dec 29 22:48:01 2015


Gurobi 6.0.5 (mac64) logging started Tue Dec 29 22:48:18 2015


Gurobi 6.0.5 (mac64) logging started Tue Dec 29 22:48:27 2015

Warning: constraint name "r < f(y0) - f(x)" has a space
Optimize a model with 20 rows, 7 columns and 137 nonzeros
Coefficient statistics:
  Matrix range    [1e+00, 2e+04]
  Objective range [1e+00, 1e+00]
  Bounds range    [1e+00, 1e+00]
  RHS range       [1e+00, 1e+00]
Presolve time: 0.00s
Presolved: 20 rows, 7 columns, 137 nonzeros

Iteration    Objective       Primal Inf.    Dual Inf.      Time
       0    4.0960000e+33   6.000000e+30   4.096000e+03      0s
       4    3.2564146e-01   0.000000e+00   0.000000e+00      0s

Solved in 4 iterations and 0.00 seconds
Optimal objective  3.256414575e-01

Gurobi 6.0.5 (mac64) logging started Wed Dec 30 09:58:21 2015

Warning: constraint name "r < f(y0) - f(x)" has a space
Optimize a model with 20 rows, 7 columns and 137 nonzeros
Coefficient statistics:
  Matrix range    [1e+00, 2e+04]
  Objective range [1e+00, 1e+00]
  Bounds range    [1e+00, 1e+00]
  RHS range       [1e+00, 1e+00]
Presolve time: 0.00s
Presolved: 20 rows, 7 columns, 137 nonzeros

Iteration    Objective       Primal Inf.    Dual Inf.      Time
       0    4.0960000e+33   6.000000e+30   4.096000e+03      0s
       4    3.2564146e-01   0.000000e+00   0.000000e+00      0s

Solved in 4 iterations and 0.01 seconds
Optimal objective  3.256414575e-01

Gurobi 6.0.5 (mac64) logging started Wed Dec 30 10:07:04 2015

Warning: constraint name "r < f(y0) - f(x)" has a space
Optimize a model with 20 rows, 7 columns and 137 nonzeros
Coefficient statistics:
  Matrix range    [1e+00, 2e+04]
  Objective range [1e+00, 1e+00]
  Bounds range    [1e+00, 1e+00]
  RHS range       [1e+00, 1e+00]
Presolve time: 0.00s
Presolved: 20 rows, 7 columns, 137 nonzeros

Iteration    Objective       Primal Inf.    Dual Inf.      Time
       0    4.0960000e+33   6.000000e+30   4.096000e+03      0s
       4    3.2564146e-01   0.000000e+00   0.000000e+00      0s

Solved in 4 iterations and 0.00 seconds
Optimal objective  3.256414575e-01

Gurobi 6.0.5 (mac64) logging started Wed Dec 30 10:08:41 2015

Warning: constraint name "r < f(y0) - f(x)" has a space
Optimize a model with 20 rows, 7 columns and 137 nonzeros
Coefficient statistics:
  Matrix range    [1e+00, 2e+04]
  Objective range [1e+00, 1e+00]
  Bounds range    [1e+00, 1e+00]
  RHS range       [1e+00, 1e+00]
Presolve time: 0.00s
Presolved: 20 rows, 7 columns, 137 nonzeros

Iteration    Objective       Primal Inf.    Dual Inf.      Time
       0    4.0960000e+33   6.000000e+30   4.096000e+03      0s
       4    3.2564146e-01   0.000000e+00   0.000000e+00      0s

Solved in 4 iterations and 0.00 seconds
Optimal objective  3.256414575e-01

Gurobi 6.0.5 (mac64) logging started Wed Dec 30 10:08:52 2015

Warning: constraint name "r < f(y0) - f(x)" has a space
Optimize a model with 20 rows, 7 columns and 137 nonzeros
Coefficient statistics:
  Matrix range    [1e+00, 2e+04]
  Objective range [1e+00, 1e+00]
  Bounds range    [1e+00, 1e+00]
  RHS range       [1e+00, 1e+00]
Presolve time: 0.00s
Presolved: 20 rows, 7 columns, 137 nonzeros

Iteration    Objective       Primal Inf.    Dual Inf.      Time
       0    4.0960000e+33   6.000000e+30   4.096000e+03      0s
       4    3.2564146e-01   0.000000e+00   0.000000e+00      0s

Solved in 4 iterations and 0.00 seconds
Optimal objective  3.256414575e-01

Gurobi 6.0.5 (mac64) logging started Wed Dec 30 10:09:02 2015

Warning: constraint name "r < f(y0) - f(x)" has a space
Optimize a model with 20 rows, 7 columns and 137 nonzeros
Coefficient statistics:
  Matrix range    [1e+00, 2e+04]
  Objective range [1e+00, 1e+00]
  Bounds range    [1e+00, 1e+00]
  RHS range       [1e+00, 1e+00]
Presolve time: 0.00s
Presolved: 20 rows, 7 columns, 137 nonzeros

Iteration    Objective       Primal Inf.    Dual Inf.      Time
       0    4.0960000e+33   6.000000e+30   4.096000e+03      0s
       4    3.2564146e-01   0.000000e+00   0.000000e+00      0s

Solved in 4 iterations and 0.00 seconds
Optimal objective  3.256414575e-01

Gurobi 6.0.5 (mac64) logging started Wed Dec 30 10:09:43 2015

Warning: constraint name "r < f(y0) - f(x)" has a space
Optimize a model with 20 rows, 7 columns and 137 nonzeros
Coefficient statistics:
  Matrix range    [1e+00, 2e+04]
  Objective range [1e+00, 1e+00]
  Bounds range    [1e+00, 1e+00]
  RHS range       [1e+00, 1e+00]
Presolve time: 0.00s
Presolved: 20 rows, 7 columns, 137 nonzeros

Iteration    Objective       Primal Inf.    Dual Inf.      Time
       0    4.0960000e+33   6.000000e+30   4.096000e+03      0s
       4    3.2564146e-01   0.000000e+00   0.000000e+00      0s

Solved in 4 iterations and 0.00 seconds
Optimal objective  3.256414575e-01

Gurobi 6.0.5 (mac64) logging started Wed Dec 30 10:10:19 2015

Warning: constraint name "r < f(y0) - f(x)" has a space
Optimize a model with 20 rows, 7 columns and 137 nonzeros
Coefficient statistics:
  Matrix range    [1e+00, 2e+04]
  Objective range [1e+00, 1e+00]
  Bounds range    [1e+00, 1e+00]
  RHS range       [1e+00, 1e+00]
Presolve time: 0.00s
Presolved: 20 rows, 7 columns, 137 nonzeros

Iteration    Objective       Primal Inf.    Dual Inf.      Time
       0    4.0960000e+33   6.000000e+30   4.096000e+03      0s
       4    3.2564146e-01   0.000000e+00   0.000000e+00      0s

Solved in 4 iterations and 0.00 seconds
Optimal objective  3.256414575e-01

Gurobi 6.0.5 (mac64) logging started Wed Dec 30 10:10:31 2015

Warning: constraint name "r < f(y0) - f(x)" has a space
Optimize a model with 20 rows, 7 columns and 137 nonzeros
Coefficient statistics:
  Matrix range    [1e+00, 2e+04]
  Objective range [1e+00, 1e+00]
  Bounds range    [1e+00, 1e+00]
  RHS range       [1e+00, 1e+00]
Presolve time: 0.00s
Presolved: 20 rows, 7 columns, 137 nonzeros

Iteration    Objective       Primal Inf.    Dual Inf.      Time
       0    4.0960000e+33   6.000000e+30   4.096000e+03      0s
       4    3.2564146e-01   0.000000e+00   0.000000e+00      0s

Solved in 4 iterations and 0.00 seconds
Optimal objective  3.256414575e-01

Gurobi 6.0.5 (mac64) logging started Wed Dec 30 10:11:49 2015

Warning: constraint name "r < f(y0) - f(x)" has a space
Optimize a model with 20 rows, 7 columns and 137 nonzeros
Coefficient statistics:
  Matrix range    [1e+00, 2e+04]
  Objective range [1e+00, 1e+00]
  Bounds range    [1e+00, 1e+00]
  RHS range       [1e+00, 1e+00]
Presolve time: 0.00s
Presolved: 20 rows, 7 columns, 137 nonzeros

Iteration    Objective       Primal Inf.    Dual Inf.      Time
       0    4.0960000e+33   6.000000e+30   4.096000e+03      0s
       4    3.2564146e-01   0.000000e+00   0.000000e+00      0s

Solved in 4 iterations and 0.00 seconds
Optimal objective  3.256414575e-01

Gurobi 6.0.5 (mac64) logging started Wed Dec 30 10:11:56 2015

Warning: constraint name "r < f(y0) - f(x)" has a space
Optimize a model with 20 rows, 7 columns and 137 nonzeros
Coefficient statistics:
  Matrix range    [1e+00, 2e+04]
  Objective range [1e+00, 1e+00]
  Bounds range    [1e+00, 1e+00]
  RHS range       [1e+00, 1e+00]
Presolve time: 0.00s
Presolved: 20 rows, 7 columns, 137 nonzeros

Iteration    Objective       Primal Inf.    Dual Inf.      Time
       0    4.0960000e+33   6.000000e+30   4.096000e+03      0s
       4    3.2564146e-01   0.000000e+00   0.000000e+00      0s

Solved in 4 iterations and 0.00 seconds
Optimal objective  3.256414575e-01

Gurobi 6.0.5 (mac64) logging started Wed Dec 30 10:12:29 2015

Warning: constraint name "r < f(y0) - f(x)" has a space
Optimize a model with 20 rows, 7 columns and 137 nonzeros
Coefficient statistics:
  Matrix range    [1e+00, 2e+04]
  Objective range [1e+00, 1e+00]
  Bounds range    [1e+00, 1e+00]
  RHS range       [1e+00, 1e+00]
Presolve time: 0.00s
Presolved: 20 rows, 7 columns, 137 nonzeros

Iteration    Objective       Primal Inf.    Dual Inf.      Time
       0    4.0960000e+33   6.000000e+30   4.096000e+03      0s
       4    3.2564146e-01   0.000000e+00   0.000000e+00      0s

Solved in 4 iterations and 0.00 seconds
Optimal objective  3.256414575e-01

Gurobi 6.0.5 (mac64) logging started Wed Dec 30 10:12:36 2015

Warning: constraint name "r < f(y0) - f(x)" has a space
Optimize a model with 20 rows, 7 columns and 137 nonzeros
Coefficient statistics:
  Matrix range    [1e+00, 2e+04]
  Objective range [1e+00, 1e+00]
  Bounds range    [1e+00, 1e+00]
  RHS range       [1e+00, 1e+00]
Presolve time: 0.00s
Presolved: 20 rows, 7 columns, 137 nonzeros

Iteration    Objective       Primal Inf.    Dual Inf.      Time
       0    4.0960000e+33   6.000000e+30   4.096000e+03      0s
       4    3.2564146e-01   0.000000e+00   0.000000e+00      0s

Solved in 4 iterations and 0.00 seconds
Optimal objective  3.256414575e-01

Gurobi 6.0.5 (mac64) logging started Wed Dec 30 10:13:55 2015

Warning: constraint name "r < f(y0) - f(x)" has a space
Optimize a model with 20 rows, 7 columns and 137 nonzeros
Coefficient statistics:
  Matrix range    [1e+00, 2e+04]
  Objective range [1e+00, 1e+00]
  Bounds range    [1e+00, 1e+00]
  RHS range       [1e+00, 1e+00]
Presolve time: 0.00s
Presolved: 20 rows, 7 columns, 137 nonzeros

Iteration    Objective       Primal Inf.    Dual Inf.      Time
       0    4.0960000e+33   6.000000e+30   4.096000e+03      0s
       4    3.2564146e-01   0.000000e+00   0.000000e+00      0s

Solved in 4 iterations and 0.00 seconds
Optimal objective  3.256414575e-01

Gurobi 6.0.5 (mac64) logging started Wed Dec 30 10:14:10 2015

Warning: constraint name "r < f(y0) - f(x)" has a space
Optimize a model with 20 rows, 7 columns and 137 nonzeros
Coefficient statistics:
  Matrix range    [1e+00, 2e+04]
  Objective range [1e+00, 1e+00]
  Bounds range    [1e+00, 1e+00]
  RHS range       [1e+00, 1e+00]
Presolve time: 0.00s
Presolved: 20 rows, 7 columns, 137 nonzeros

Iteration    Objective       Primal Inf.    Dual Inf.      Time
       0    4.0960000e+33   6.000000e+30   4.096000e+03      0s
       4    3.2564146e-01   0.000000e+00   0.000000e+00      0s

Solved in 4 iterations and 0.00 seconds
Optimal objective  3.256414575e-01

Gurobi 6.0.5 (mac64) logging started Wed Dec 30 10:14:24 2015

Warning: constraint name "r < f(y0) - f(x)" has a space
Optimize a model with 20 rows, 7 columns and 137 nonzeros
Coefficient statistics:
  Matrix range    [1e+00, 2e+04]
  Objective range [1e+00, 1e+00]
  Bounds range    [1e+00, 1e+00]
  RHS range       [1e+00, 1e+00]
Presolve time: 0.00s
Presolved: 20 rows, 7 columns, 137 nonzeros

Iteration    Objective       Primal Inf.    Dual Inf.      Time
       0    4.0960000e+33   6.000000e+30   4.096000e+03      0s
       4    3.2564146e-01   0.000000e+00   0.000000e+00      0s

Solved in 4 iterations and 0.00 seconds
Optimal objective  3.256414575e-01

Gurobi 6.0.5 (mac64) logging started Wed Dec 30 10:14:41 2015

Warning: constraint name "r < f(y0) - f(x)" has a space
Optimize a model with 20 rows, 7 columns and 137 nonzeros
Coefficient statistics:
  Matrix range    [1e+00, 2e+04]
  Objective range [1e+00, 1e+00]
  Bounds range    [1e+00, 1e+00]
  RHS range       [1e+00, 1e+00]
Presolve time: 0.00s
Presolved: 20 rows, 7 columns, 137 nonzeros

Iteration    Objective       Primal Inf.    Dual Inf.      Time
       0    4.0960000e+33   6.000000e+30   4.096000e+03      0s
       4    3.2564146e-01   0.000000e+00   0.000000e+00      0s

Solved in 4 iterations and 0.00 seconds
Optimal objective  3.256414575e-01

Gurobi 6.0.5 (mac64) logging started Wed Dec 30 10:15:23 2015

Warning: constraint name "r < f(y0) - f(x)" has a space
Optimize a model with 20 rows, 7 columns and 137 nonzeros
Coefficient statistics:
  Matrix range    [1e+00, 2e+04]
  Objective range [1e+00, 1e+00]
  Bounds range    [1e+00, 1e+00]
  RHS range       [1e+00, 1e+00]
Presolve time: 0.00s
Presolved: 20 rows, 7 columns, 137 nonzeros

Iteration    Objective       Primal Inf.    Dual Inf.      Time
       0    4.0960000e+33   6.000000e+30   4.096000e+03      0s
       4    3.2564146e-01   0.000000e+00   0.000000e+00      0s

Solved in 4 iterations and 0.00 seconds
Optimal objective  3.256414575e-01

Gurobi 6.0.5 (mac64) logging started Wed Dec 30 10:15:30 2015

Warning: constraint name "r < f(y0) - f(x)" has a space
Optimize a model with 20 rows, 7 columns and 137 nonzeros
Coefficient statistics:
  Matrix range    [1e+00, 2e+04]
  Objective range [1e+00, 1e+00]
  Bounds range    [1e+00, 1e+00]
  RHS range       [1e+00, 1e+00]
Presolve time: 0.00s
Presolved: 20 rows, 7 columns, 137 nonzeros

Iteration    Objective       Primal Inf.    Dual Inf.      Time
       0    4.0960000e+33   6.000000e+30   4.096000e+03      0s
       4    3.2564146e-01   0.000000e+00   0.000000e+00      0s

Solved in 4 iterations and 0.00 seconds
Optimal objective  3.256414575e-01

Gurobi 6.0.5 (mac64) logging started Wed Dec 30 10:15:44 2015

Warning: constraint name "r < f(y0) - f(x)" has a space
Optimize a model with 20 rows, 7 columns and 137 nonzeros
Coefficient statistics:
  Matrix range    [1e+00, 2e+04]
  Objective range [1e+00, 1e+00]
  Bounds range    [1e+00, 1e+00]
  RHS range       [1e+00, 1e+00]
Presolve time: 0.00s
Presolved: 20 rows, 7 columns, 137 nonzeros

Iteration    Objective       Primal Inf.    Dual Inf.      Time
       0    4.0960000e+33   6.000000e+30   4.096000e+03      0s
       4    3.2564146e-01   0.000000e+00   0.000000e+00      0s

Solved in 4 iterations and 0.00 seconds
Optimal objective  3.256414575e-01

Gurobi 6.0.5 (mac64) logging started Wed Dec 30 10:16:47 2015

Warning: constraint name "r < f(y0) - f(x)" has a space
Optimize a model with 20 rows, 7 columns and 137 nonzeros
Coefficient statistics:
  Matrix range    [1e+00, 2e+04]
  Objective range [1e+00, 1e+00]
  Bounds range    [1e+00, 1e+00]
  RHS range       [1e+00, 1e+00]
Presolve time: 0.00s
Presolved: 20 rows, 7 columns, 137 nonzeros

Iteration    Objective       Primal Inf.    Dual Inf.      Time
       0    4.0960000e+33   6.000000e+30   4.096000e+03      0s
       4    3.2564146e-01   0.000000e+00   0.000000e+00      0s

Solved in 4 iterations and 0.00 seconds
Optimal objective  3.256414575e-01

Gurobi 6.0.5 (mac64) logging started Wed Dec 30 10:17:01 2015

Warning: constraint name "r < f(y0) - f(x)" has a space
Optimize a model with 20 rows, 7 columns and 137 nonzeros
Coefficient statistics:
  Matrix range    [1e+00, 2e+04]
  Objective range [1e+00, 1e+00]
  Bounds range    [1e+00, 1e+00]
  RHS range       [1e+00, 1e+00]
Presolve time: 0.00s
Presolved: 20 rows, 7 columns, 137 nonzeros

Iteration    Objective       Primal Inf.    Dual Inf.      Time
       0    4.0960000e+33   6.000000e+30   4.096000e+03      0s
       4    3.2564146e-01   0.000000e+00   0.000000e+00      0s

Solved in 4 iterations and 0.00 seconds
Optimal objective  3.256414575e-01

Gurobi 6.0.5 (mac64) logging started Wed Dec 30 10:18:10 2015

Warning: constraint name "r < f(y0) - f(x)" has a space
Optimize a model with 20 rows, 7 columns and 137 nonzeros
Coefficient statistics:
  Matrix range    [1e+00, 2e+04]
  Objective range [1e+00, 1e+00]
  Bounds range    [1e+00, 1e+00]
  RHS range       [1e+00, 1e+00]
Presolve time: 0.00s
Presolved: 20 rows, 7 columns, 137 nonzeros

Iteration    Objective       Primal Inf.    Dual Inf.      Time
       0    4.0960000e+33   6.000000e+30   4.096000e+03      0s
       4    3.2564146e-01   0.000000e+00   0.000000e+00      0s

Solved in 4 iterations and 0.00 seconds
Optimal objective  3.256414575e-01

Gurobi 6.0.5 (mac64) logging started Wed Dec 30 10:19:13 2015

Warning: constraint name "r < f(y0) - f(x)" has a space
Optimize a model with 20 rows, 7 columns and 137 nonzeros
Coefficient statistics:
  Matrix range    [1e+00, 2e+04]
  Objective range [1e+00, 1e+00]
  Bounds range    [1e+00, 1e+00]
  RHS range       [1e+00, 1e+00]
Presolve time: 0.00s
Presolved: 20 rows, 7 columns, 137 nonzeros

Iteration    Objective       Primal Inf.    Dual Inf.      Time
       0    4.0960000e+33   6.000000e+30   4.096000e+03      0s
       4    3.2564146e-01   0.000000e+00   0.000000e+00      0s

Solved in 4 iterations and 0.00 seconds
Optimal objective  3.256414575e-01

Gurobi 6.0.5 (mac64) logging started Wed Dec 30 10:20:29 2015

Warning: constraint name "r < f(y0) - f(x)" has a space
Optimize a model with 20 rows, 7 columns and 137 nonzeros
Coefficient statistics:
  Matrix range    [1e+00, 2e+04]
  Objective range [1e+00, 1e+00]
  Bounds range    [1e+00, 1e+00]
  RHS range       [1e+00, 1e+00]
Presolve time: 0.00s
Presolved: 20 rows, 7 columns, 137 nonzeros

Iteration    Objective       Primal Inf.    Dual Inf.      Time
       0    4.0960000e+33   6.000000e+30   4.096000e+03      0s
       4    3.2564146e-01   0.000000e+00   0.000000e+00      0s

Solved in 4 iterations and 0.00 seconds
Optimal objective  3.256414575e-01

Gurobi 6.0.5 (mac64) logging started Wed Dec 30 10:22:05 2015

Warning: constraint name "r < f(y0) - f(x)" has a space
Optimize a model with 20 rows, 7 columns and 137 nonzeros
Coefficient statistics:
  Matrix range    [1e+00, 2e+04]
  Objective range [1e+00, 1e+00]
  Bounds range    [1e+00, 1e+00]
  RHS range       [1e+00, 1e+00]
Presolve time: 0.00s
Presolved: 20 rows, 7 columns, 137 nonzeros

Iteration    Objective       Primal Inf.    Dual Inf.      Time
       0    4.0960000e+33   6.000000e+30   4.096000e+03      0s
       4    3.2564146e-01   0.000000e+00   0.000000e+00      0s

Solved in 4 iterations and 0.00 seconds
Optimal objective  3.256414575e-01

Gurobi 6.0.5 (mac64) logging started Wed Dec 30 10:24:36 2015

Warning: constraint name "r < f(y0) - f(x)" has a space
Optimize a model with 20 rows, 7 columns and 137 nonzeros
Coefficient statistics:
  Matrix range    [1e+00, 2e+04]
  Objective range [1e+00, 1e+00]
  Bounds range    [1e+00, 1e+00]
  RHS range       [1e+00, 1e+00]
Presolve time: 0.00s
Presolved: 20 rows, 7 columns, 137 nonzeros

Iteration    Objective       Primal Inf.    Dual Inf.      Time
       0    4.0960000e+33   6.000000e+30   4.096000e+03      0s
       4    3.2564146e-01   0.000000e+00   0.000000e+00      0s

Solved in 4 iterations and 0.00 seconds
Optimal objective  3.256414575e-01

Gurobi 6.0.5 (mac64) logging started Wed Dec 30 10:24:41 2015

Warning: constraint name "r < f(y0) - f(x)" has a space
Optimize a model with 20 rows, 7 columns and 137 nonzeros
Coefficient statistics:
  Matrix range    [1e+00, 2e+04]
  Objective range [1e+00, 1e+00]
  Bounds range    [1e+00, 1e+00]
  RHS range       [1e+00, 1e+00]
Presolve time: 0.00s
Presolved: 20 rows, 7 columns, 137 nonzeros

Iteration    Objective       Primal Inf.    Dual Inf.      Time
       0    4.0960000e+33   6.000000e+30   4.096000e+03      0s
       4    3.2564146e-01   0.000000e+00   0.000000e+00      0s

Solved in 4 iterations and 0.00 seconds
Optimal objective  3.256414575e-01

Gurobi 6.0.5 (mac64) logging started Wed Dec 30 10:28:38 2015

Warning: constraint name "r < f(y0) - f(x)" has a space
Optimize a model with 20 rows, 7 columns and 137 nonzeros
Coefficient statistics:
  Matrix range    [1e+00, 2e+04]
  Objective range [1e+00, 1e+00]
  Bounds range    [1e+00, 1e+00]
  RHS range       [1e+00, 1e+00]
Presolve time: 0.00s
Presolved: 20 rows, 7 columns, 137 nonzeros

Iteration    Objective       Primal Inf.    Dual Inf.      Time
       0    4.0960000e+33   6.000000e+30   4.096000e+03      0s
       4    3.2564146e-01   0.000000e+00   0.000000e+00      0s

Solved in 4 iterations and 0.00 seconds
Optimal objective  3.256414575e-01

Gurobi 6.0.5 (mac64) logging started Wed Dec 30 10:28:52 2015

Warning: constraint name "r < f(y0) - f(x)" has a space
Optimize a model with 20 rows, 7 columns and 137 nonzeros
Coefficient statistics:
  Matrix range    [1e+00, 2e+04]
  Objective range [1e+00, 1e+00]
  Bounds range    [1e+00, 1e+00]
  RHS range       [1e+00, 1e+00]
Presolve time: 0.00s
Presolved: 20 rows, 7 columns, 137 nonzeros

Iteration    Objective       Primal Inf.    Dual Inf.      Time
       0    4.0960000e+33   6.000000e+30   4.096000e+03      0s
       4    3.2564146e-01   0.000000e+00   0.000000e+00      0s

Solved in 4 iterations and 0.00 seconds
Optimal objective  3.256414575e-01

Gurobi 6.0.5 (mac64) logging started Wed Dec 30 10:29:11 2015

Warning: constraint name "r < f(y0) - f(x)" has a space
Optimize a model with 20 rows, 7 columns and 137 nonzeros
Coefficient statistics:
  Matrix range    [1e+00, 2e+04]
  Objective range [1e+00, 1e+00]
  Bounds range    [1e+00, 1e+00]
  RHS range       [1e+00, 1e+00]
Presolve time: 0.00s
Presolved: 20 rows, 7 columns, 137 nonzeros

Iteration    Objective       Primal Inf.    Dual Inf.      Time
       0    4.0960000e+33   6.000000e+30   4.096000e+03      0s
       4    3.2564146e-01   0.000000e+00   0.000000e+00      0s

Solved in 4 iterations and 0.00 seconds
Optimal objective  3.256414575e-01

Gurobi 6.0.5 (mac64) logging started Wed Dec 30 10:29:14 2015

Warning: constraint name "r < f(y0) - f(x)" has a space
Optimize a model with 20 rows, 7 columns and 137 nonzeros
Coefficient statistics:
  Matrix range    [1e+00, 2e+04]
  Objective range [1e+00, 1e+00]
  Bounds range    [1e+00, 1e+00]
  RHS range       [1e+00, 1e+00]
Presolve time: 0.00s
Presolved: 20 rows, 7 columns, 137 nonzeros

Iteration    Objective       Primal Inf.    Dual Inf.      Time
       0    4.0960000e+33   6.000000e+30   4.096000e+03      0s
       4    3.2564146e-01   0.000000e+00   0.000000e+00      0s

Solved in 4 iterations and 0.00 seconds
Optimal objective  3.256414575e-01

Gurobi 6.0.5 (mac64) logging started Wed Dec 30 10:29:50 2015

Warning: constraint name "r < f(y0) - f(x)" has a space
Optimize a model with 20 rows, 7 columns and 137 nonzeros
Coefficient statistics:
  Matrix range    [1e+00, 2e+04]
  Objective range [1e+00, 1e+00]
  Bounds range    [1e+00, 1e+00]
  RHS range       [1e+00, 1e+00]
Presolve time: 0.00s
Presolved: 20 rows, 7 columns, 137 nonzeros

Iteration    Objective       Primal Inf.    Dual Inf.      Time
       0    4.0960000e+33   6.000000e+30   4.096000e+03      0s
       4    3.2564146e-01   0.000000e+00   0.000000e+00      0s

Solved in 4 iterations and 0.00 seconds
Optimal objective  3.256414575e-01

Gurobi 6.0.5 (mac64) logging started Wed Dec 30 10:30:15 2015

Warning: constraint name "r < f(y0) - f(x)" has a space
Optimize a model with 20 rows, 7 columns and 137 nonzeros
Coefficient statistics:
  Matrix range    [1e+00, 2e+04]
  Objective range [1e+00, 1e+00]
  Bounds range    [1e+00, 1e+00]
  RHS range       [1e+00, 1e+00]
Presolve time: 0.00s
Presolved: 20 rows, 7 columns, 137 nonzeros

Iteration    Objective       Primal Inf.    Dual Inf.      Time
       0    4.0960000e+33   6.000000e+30   4.096000e+03      0s
       4    3.2564146e-01   0.000000e+00   0.000000e+00      0s

Solved in 4 iterations and 0.00 seconds
Optimal objective  3.256414575e-01

Gurobi 6.0.5 (mac64) logging started Wed Dec 30 10:56:30 2015


Gurobi 6.0.5 (mac64) logging started Wed Dec 30 10:57:43 2015


Gurobi 6.0.5 (mac64) logging started Wed Dec 30 10:59:26 2015


Gurobi 6.0.5 (mac64) logging started Wed Dec 30 11:00:17 2015


Gurobi 6.0.5 (mac64) logging started Wed Dec 30 11:01:18 2015


Gurobi 6.0.5 (mac64) logging started Wed Dec 30 11:02:03 2015

Warning: constraint name "r < f(y0) - f(x)" has a space
Optimize a model with 20 rows, 7 columns and 137 nonzeros
Coefficient statistics:
  Matrix range    [1e+00, 2e+04]
  Objective range [1e+00, 1e+00]
  Bounds range    [1e+00, 1e+00]
  RHS range       [1e+00, 1e+00]
Presolve time: 0.00s
Presolved: 20 rows, 7 columns, 137 nonzeros

Iteration    Objective       Primal Inf.    Dual Inf.      Time
       0    4.0960000e+33   6.000000e+30   4.096000e+03      0s
       4    3.2564146e-01   0.000000e+00   0.000000e+00      0s

Solved in 4 iterations and 0.00 seconds
Optimal objective  3.256414575e-01

Gurobi 6.0.5 (mac64) logging started Wed Dec 30 11:02:19 2015

Warning: constraint name "r < f(y0) - f(x)" has a space
Optimize a model with 20 rows, 7 columns and 137 nonzeros
Coefficient statistics:
  Matrix range    [1e+00, 2e+04]
  Objective range [1e+00, 1e+00]
  Bounds range    [1e+00, 1e+00]
  RHS range       [1e+00, 1e+00]
Presolve time: 0.00s
Presolved: 20 rows, 7 columns, 137 nonzeros

Iteration    Objective       Primal Inf.    Dual Inf.      Time
       0    4.0960000e+33   6.000000e+30   4.096000e+03      0s
       4    3.2564146e-01   0.000000e+00   0.000000e+00      0s

Solved in 4 iterations and 0.00 seconds
Optimal objective  3.256414575e-01

Gurobi 6.0.5 (mac64) logging started Wed Dec 30 11:04:31 2015


Gurobi 6.0.5 (mac64) logging started Wed Dec 30 11:05:00 2015


Gurobi 6.0.5 (mac64) logging started Wed Dec 30 11:05:29 2015


Gurobi 6.0.5 (mac64) logging started Wed Dec 30 11:05:42 2015

